<?xml version="1.0" encoding="UTF-8"?>
<!-- Generated by org.testng.reporters.JUnitReportReporter -->
<testsuite hostname="DESKTOP-SI180QA" failures="0" tests="1" name="com.demowebshop.testscript.RegisterTest" time="21.790" errors="0" timestamp="2023-02-01T08:38:41 IST" skipped="0">
  <testcase classname="com.demowebshop.testscript.RegisterTest" name="TC001_verifyUserRegistration" time="21.790"/>
  <system-out/>
</testsuite> <!-- com.demowebshop.testscript.RegisterTest -->
